{
  "stats": {
    "suites": 1,
    "tests": 7,
    "passes": 7,
    "pending": 0,
    "failures": 0,
    "start": "2020-08-24T21:41:31.638Z",
    "end": "2020-08-24T21:41:44.872Z",
    "duration": 13234,
    "testsRegistered": 7,
    "passPercent": 100,
    "pendingPercent": 0,
    "other": 0,
    "hasOther": false,
    "skipped": 0,
    "hasSkipped": false
  },
  "results": [
    {
      "uuid": "debf0780-1722-4721-ad1e-97cfd63db96d",
      "title": "",
      "fullFile": "",
      "file": "",
      "beforeHooks": [],
      "afterHooks": [],
      "tests": [],
      "suites": [
        {
          "uuid": "112ff87a-10d5-4fa1-93ec-a9222a1b1a25",
          "title": "Test Entry",
          "fullFile": "/Users/ruwanidealwis/Downloads/GitHub/musicThroughDecades/server/test/app.test.js",
          "file": "/test/app.test.js",
          "beforeHooks": [],
          "afterHooks": [],
          "tests": [
            {
              "title": "Tests Server Working",
              "fullTitle": "Test Entry Tests Server Working",
              "timedOut": false,
              "duration": 24,
              "state": "passed",
              "speed": "fast",
              "pass": true,
              "fail": false,
              "pending": false,
              "context": null,
              "code": "agent.get(\"/\").end((err, res) => {\n  expect(res).to.have.status(200);\n  expect(res.body.message).to.equals(\n    \"Welcome to Music Through The Decades\"\n  );\n  done();\n});",
              "err": {},
              "uuid": "c96f26e4-b64d-4346-8130-7dcd8af1bee4",
              "parentUUID": "112ff87a-10d5-4fa1-93ec-a9222a1b1a25",
              "isHook": false,
              "skipped": false
            },
            {
              "title": "Tests two valid decades",
              "fullTitle": "Test Entry Tests two valid decades",
              "timedOut": false,
              "duration": 5317,
              "state": "passed",
              "speed": "slow",
              "pass": true,
              "fail": false,
              "pending": false,
              "context": null,
              "code": "agent.get(\"/compare/1990-2010\").end((err, res) => {\n  expect(res).to.have.status(200);\n  if (err) return done(err);\n  done();\n});",
              "err": {},
              "uuid": "0536c24c-fafb-49e0-a725-8ebbc7b94ae7",
              "parentUUID": "112ff87a-10d5-4fa1-93ec-a9222a1b1a25",
              "isHook": false,
              "skipped": false
            },
            {
              "title": "Tests valid decade vs user",
              "fullTitle": "Test Entry Tests valid decade vs user",
              "timedOut": false,
              "duration": 3423,
              "state": "passed",
              "speed": "slow",
              "pass": true,
              "fail": false,
              "pending": false,
              "context": null,
              "code": "agent.get(\"/compare/1990-6Months\").end((err, res) => {\n  expect(res).to.have.status(200);\n  if (err) return done(err);\n  done();\n});",
              "err": {},
              "uuid": "090d1f36-a9e4-45f6-8933-72f03cfcaaa2",
              "parentUUID": "112ff87a-10d5-4fa1-93ec-a9222a1b1a25",
              "isHook": false,
              "skipped": false
            },
            {
              "title": "Tests invalid second decade",
              "fullTitle": "Test Entry Tests invalid second decade",
              "timedOut": false,
              "duration": 2163,
              "state": "passed",
              "speed": "slow",
              "pass": true,
              "fail": false,
              "pending": false,
              "context": null,
              "code": "agent.get(\"/compare/1990-1920\").end((err, res) => {\n  expect(res).to.have.status(400);\n  expect(res.body.error).to.equals(\n    \"invalid value entered for 2nd comparator\"\n  );\n  done();\n});",
              "err": {},
              "uuid": "22551f9d-1741-464e-b4f7-f8ad674053e6",
              "parentUUID": "112ff87a-10d5-4fa1-93ec-a9222a1b1a25",
              "isHook": false,
              "skipped": false
            },
            {
              "title": "Tests invalid first decade",
              "fullTitle": "Test Entry Tests invalid first decade",
              "timedOut": false,
              "duration": 9,
              "state": "passed",
              "speed": "fast",
              "pass": true,
              "fail": false,
              "pending": false,
              "context": null,
              "code": "agent.get(\"/compare/1920-2000\").end((err, res) => {\n  expect(res).to.have.status(400);\n  expect(res.body.error).to.equals(\n    \"invalid value entered for 1st comparator\"\n  );\n  done();\n});",
              "err": {},
              "uuid": "09dbcd77-35cd-4336-8b30-0a610d09087c",
              "parentUUID": "112ff87a-10d5-4fa1-93ec-a9222a1b1a25",
              "isHook": false,
              "skipped": false
            },
            {
              "title": "Tests invalid user time range",
              "fullTitle": "Test Entry Tests invalid user time range",
              "timedOut": false,
              "duration": 2271,
              "state": "passed",
              "speed": "slow",
              "pass": true,
              "fail": false,
              "pending": false,
              "context": null,
              "code": "agent.get(\"/compare/1970-lastWeek\").end((err, res) => {\n  expect(res).to.have.status(400);\n  expect(res.body.error).to.equals(\n    \"invalid value entered for 2nd comparator\"\n  );\n  done();\n});",
              "err": {},
              "uuid": "203976f3-a393-4e66-b279-0c3f92ec30e8",
              "parentUUID": "112ff87a-10d5-4fa1-93ec-a9222a1b1a25",
              "isHook": false,
              "skipped": false
            },
            {
              "title": "Inserts user time range as first comparator",
              "fullTitle": "Test Entry Inserts user time range as first comparator",
              "timedOut": false,
              "duration": 9,
              "state": "passed",
              "speed": "fast",
              "pass": true,
              "fail": false,
              "pending": false,
              "context": null,
              "code": "agent.get(\"/compare/allTime-1980\").end((err, res) => {\n  expect(res).to.have.status(400);\n  expect(res.body.error).to.equals(\n    \"invalid value entered for 1st comparator\"\n  );\n  done();\n});",
              "err": {},
              "uuid": "9daf81db-4153-4dc1-bf6e-50b9d026cdee",
              "parentUUID": "112ff87a-10d5-4fa1-93ec-a9222a1b1a25",
              "isHook": false,
              "skipped": false
            }
          ],
          "suites": [],
          "passes": [
            "c96f26e4-b64d-4346-8130-7dcd8af1bee4",
            "0536c24c-fafb-49e0-a725-8ebbc7b94ae7",
            "090d1f36-a9e4-45f6-8933-72f03cfcaaa2",
            "22551f9d-1741-464e-b4f7-f8ad674053e6",
            "09dbcd77-35cd-4336-8b30-0a610d09087c",
            "203976f3-a393-4e66-b279-0c3f92ec30e8",
            "9daf81db-4153-4dc1-bf6e-50b9d026cdee"
          ],
          "failures": [],
          "pending": [],
          "skipped": [],
          "duration": 13216,
          "root": false,
          "rootEmpty": false,
          "_timeout": 15000
        }
      ],
      "passes": [],
      "failures": [],
      "pending": [],
      "skipped": [],
      "duration": 0,
      "root": true,
      "rootEmpty": true,
      "_timeout": 15000
    }
  ],
  "meta": {
    "mocha": {
      "version": "8.1.1"
    },
    "mochawesome": {
      "options": {
        "quiet": false,
        "reportFilename": "mochawesome",
        "saveHtml": true,
        "saveJson": true,
        "consoleReporter": "spec",
        "useInlineDiffs": false,
        "code": true
      },
      "version": "6.1.1"
    },
    "marge": {
      "options": null,
      "version": "5.1.0"
    }
  }
}