{
  "stats": {
    "suites": 1,
    "tests": 7,
    "passes": 7,
    "pending": 0,
    "failures": 0,
    "start": "2020-08-24T22:36:56.729Z",
    "end": "2020-08-24T22:37:09.761Z",
    "duration": 13032,
    "testsRegistered": 7,
    "passPercent": 100,
    "pendingPercent": 0,
    "other": 0,
    "hasOther": false,
    "skipped": 0,
    "hasSkipped": false
  },
  "results": [
    {
      "uuid": "a40820d8-5917-4f2d-b671-5153dd78521f",
      "title": "",
      "fullFile": "",
      "file": "",
      "beforeHooks": [],
      "afterHooks": [],
      "tests": [],
      "suites": [
        {
          "uuid": "416de22b-3bfb-4ea6-805d-b1c70cf6b236",
          "title": "Test Entry",
          "fullFile": "/Users/ruwanidealwis/Downloads/GitHub/musicThroughDecades/server/test/app.test.js",
          "file": "/test/app.test.js",
          "beforeHooks": [],
          "afterHooks": [],
          "tests": [
            {
              "title": "Tests Server Working",
              "fullTitle": "Test Entry Tests Server Working",
              "timedOut": false,
              "duration": 21,
              "state": "passed",
              "speed": "fast",
              "pass": true,
              "fail": false,
              "pending": false,
              "context": null,
              "code": "agent.get(\"/\").end((err, res) => {\n  expect(res).to.have.status(200);\n  expect(res.body.message).to.equals(\n    \"Welcome to Music Through The Decades\"\n  );\n  done();\n});",
              "err": {},
              "uuid": "2a57d3db-4e08-4889-980c-61ba404aaf17",
              "parentUUID": "416de22b-3bfb-4ea6-805d-b1c70cf6b236",
              "isHook": false,
              "skipped": false
            },
            {
              "title": "Tests two valid decades",
              "fullTitle": "Test Entry Tests two valid decades",
              "timedOut": false,
              "duration": 5140,
              "state": "passed",
              "speed": "slow",
              "pass": true,
              "fail": false,
              "pending": false,
              "context": null,
              "code": "agent.get(\"/compare/1990-2010\").end((err, res) => {\n  expect(res).to.have.status(200);\n  //expect(res).to.have.cookie(\"type\", \"decade\");\n  //expect(res).to.redirectTo(\"/music\");\n  if (err) return done(err);\n  done();\n});",
              "err": {},
              "uuid": "2a612773-ad99-4db3-98f3-3c323d830f53",
              "parentUUID": "416de22b-3bfb-4ea6-805d-b1c70cf6b236",
              "isHook": false,
              "skipped": false
            },
            {
              "title": "Tests valid decade vs user",
              "fullTitle": "Test Entry Tests valid decade vs user",
              "timedOut": false,
              "duration": 2867,
              "state": "passed",
              "speed": "slow",
              "pass": true,
              "fail": false,
              "pending": false,
              "context": null,
              "code": "agent.get(\"/compare/1990-6Months\").end((err, res) => {\n  expect(res).to.have.status(200);\n  //expect(res).to.have.cookie(\"type\", \"user\");\n  //expect(res).to.redirectTo(\"/music\");\n  if (err) return done(err);\n  done();\n});",
              "err": {},
              "uuid": "2765055b-f5a8-40af-8b3d-1983bedf6942",
              "parentUUID": "416de22b-3bfb-4ea6-805d-b1c70cf6b236",
              "isHook": false,
              "skipped": false
            },
            {
              "title": "Tests invalid second decade",
              "fullTitle": "Test Entry Tests invalid second decade",
              "timedOut": false,
              "duration": 2271,
              "state": "passed",
              "speed": "slow",
              "pass": true,
              "fail": false,
              "pending": false,
              "context": null,
              "code": "agent.get(\"/compare/1990-1920\").end((err, res) => {\n  expect(res).to.have.status(400);\n  expect(res.body.error).to.equals(\n    \"invalid value entered for 2nd comparator\"\n  );\n  done();\n});",
              "err": {},
              "uuid": "d983c18b-8d16-4039-b7a2-154480c684cf",
              "parentUUID": "416de22b-3bfb-4ea6-805d-b1c70cf6b236",
              "isHook": false,
              "skipped": false
            },
            {
              "title": "Tests invalid first decade",
              "fullTitle": "Test Entry Tests invalid first decade",
              "timedOut": false,
              "duration": 9,
              "state": "passed",
              "speed": "fast",
              "pass": true,
              "fail": false,
              "pending": false,
              "context": null,
              "code": "agent.get(\"/compare/1920-2000\").end((err, res) => {\n  expect(res).to.have.status(400);\n  expect(res.body.error).to.equals(\n    \"invalid value entered for 1st comparator\"\n  );\n  done();\n});",
              "err": {},
              "uuid": "227da2cd-a4cb-46d6-80f3-1dff2d006e69",
              "parentUUID": "416de22b-3bfb-4ea6-805d-b1c70cf6b236",
              "isHook": false,
              "skipped": false
            },
            {
              "title": "Tests invalid user time range",
              "fullTitle": "Test Entry Tests invalid user time range",
              "timedOut": false,
              "duration": 2704,
              "state": "passed",
              "speed": "slow",
              "pass": true,
              "fail": false,
              "pending": false,
              "context": null,
              "code": "agent.get(\"/compare/1970-lastWeek\").end((err, res) => {\n  expect(res).to.have.status(400);\n  expect(res.body.error).to.equals(\n    \"invalid value entered for 2nd comparator\"\n  );\n  done();\n});",
              "err": {},
              "uuid": "bb66affc-2818-47b5-8651-d0ff950fc2fc",
              "parentUUID": "416de22b-3bfb-4ea6-805d-b1c70cf6b236",
              "isHook": false,
              "skipped": false
            },
            {
              "title": "Inserts user time range as first comparator",
              "fullTitle": "Test Entry Inserts user time range as first comparator",
              "timedOut": false,
              "duration": 10,
              "state": "passed",
              "speed": "fast",
              "pass": true,
              "fail": false,
              "pending": false,
              "context": null,
              "code": "agent.get(\"/compare/allTime-1980\").end((err, res) => {\n  expect(res).to.have.status(400);\n  expect(res.body.error).to.equals(\n    \"invalid value entered for 1st comparator\"\n  );\n  done();\n});",
              "err": {},
              "uuid": "2161e05b-4342-4236-8dc8-6029084b190f",
              "parentUUID": "416de22b-3bfb-4ea6-805d-b1c70cf6b236",
              "isHook": false,
              "skipped": false
            }
          ],
          "suites": [],
          "passes": [
            "2a57d3db-4e08-4889-980c-61ba404aaf17",
            "2a612773-ad99-4db3-98f3-3c323d830f53",
            "2765055b-f5a8-40af-8b3d-1983bedf6942",
            "d983c18b-8d16-4039-b7a2-154480c684cf",
            "227da2cd-a4cb-46d6-80f3-1dff2d006e69",
            "bb66affc-2818-47b5-8651-d0ff950fc2fc",
            "2161e05b-4342-4236-8dc8-6029084b190f"
          ],
          "failures": [],
          "pending": [],
          "skipped": [],
          "duration": 13022,
          "root": false,
          "rootEmpty": false,
          "_timeout": 15000
        }
      ],
      "passes": [],
      "failures": [],
      "pending": [],
      "skipped": [],
      "duration": 0,
      "root": true,
      "rootEmpty": true,
      "_timeout": 15000
    }
  ],
  "meta": {
    "mocha": {
      "version": "8.1.1"
    },
    "mochawesome": {
      "options": {
        "quiet": false,
        "reportFilename": "mochawesome",
        "saveHtml": true,
        "saveJson": true,
        "consoleReporter": "spec",
        "useInlineDiffs": false,
        "code": true
      },
      "version": "6.1.1"
    },
    "marge": {
      "options": null,
      "version": "5.1.0"
    }
  }
}