{
  "stats": {
    "suites": 6,
    "tests": 6,
    "passes": 6,
    "pending": 0,
    "failures": 0,
    "start": "2020-09-11T21:18:07.792Z",
    "end": "2020-09-11T21:18:21.512Z",
    "duration": 13720,
    "testsRegistered": 6,
    "passPercent": 100,
    "pendingPercent": 0,
    "other": 0,
    "hasOther": false,
    "skipped": 0,
    "hasSkipped": false
  },
  "results": [
    {
      "uuid": "7b3498bc-4b77-4f23-9e3e-49c77b678f03",
      "title": "",
      "fullFile": "",
      "file": "",
      "beforeHooks": [],
      "afterHooks": [],
      "tests": [],
      "suites": [
        {
          "uuid": "70168daa-e61d-41f6-bab6-df30515b95f0",
          "title": "Test Entry",
          "fullFile": "/Users/ruwanidealwis/Downloads/GitHub/musicThroughDecades/test/app.test.js",
          "file": "/test/app.test.js",
          "beforeHooks": [],
          "afterHooks": [],
          "tests": [
            {
              "title": "Tests Server Working",
              "fullTitle": "Test Entry Tests Server Working",
              "timedOut": false,
              "duration": 30,
              "state": "passed",
              "speed": "fast",
              "pass": true,
              "fail": false,
              "pending": false,
              "context": null,
              "code": "agent.get(\"/\").end((err, res) => {\n  expect(res).to.have.status(200);\n  done();\n});",
              "err": {},
              "uuid": "bedb595d-f983-4972-a42f-448be9566cf6",
              "parentUUID": "70168daa-e61d-41f6-bab6-df30515b95f0",
              "isHook": false,
              "skipped": false
            }
          ],
          "suites": [],
          "passes": [
            "bedb595d-f983-4972-a42f-448be9566cf6"
          ],
          "failures": [],
          "pending": [],
          "skipped": [],
          "duration": 30,
          "root": false,
          "rootEmpty": false,
          "_timeout": 25000
        },
        {
          "uuid": "c33078a0-c681-4bf0-9f45-b6715d2133ca",
          "title": "Tests two valid decades",
          "fullFile": "/Users/ruwanidealwis/Downloads/GitHub/musicThroughDecades/test/app.test.js",
          "file": "/test/app.test.js",
          "beforeHooks": [],
          "afterHooks": [],
          "tests": [
            {
              "title": "gets data for two valid decades",
              "fullTitle": "Tests two valid decades gets data for two valid decades",
              "timedOut": false,
              "duration": 13662,
              "state": "passed",
              "speed": "slow",
              "pass": true,
              "fail": false,
              "pending": false,
              "context": null,
              "code": "agent.get(\"/compare/1990-2010\").end((err, res) => {\n  expect(res).to.have.status(200);\n  //expect(res).to.have.cookie(\"type\", \"decade\");\n  //expect(res).to.redirectTo(\"/music\");\n  if (err) return done(err);\n  done();\n});",
              "err": {},
              "uuid": "b1a4ecf7-ce56-4e2d-84aa-df4f5b835b9d",
              "parentUUID": "c33078a0-c681-4bf0-9f45-b6715d2133ca",
              "isHook": false,
              "skipped": false
            }
          ],
          "suites": [],
          "passes": [
            "b1a4ecf7-ce56-4e2d-84aa-df4f5b835b9d"
          ],
          "failures": [],
          "pending": [],
          "skipped": [],
          "duration": 13662,
          "root": false,
          "rootEmpty": false,
          "_timeout": 25000
        },
        {
          "uuid": "42a29db8-cc0d-4339-b9cf-8f20f1118aeb",
          "title": "Second decade past vaild time range",
          "fullFile": "/Users/ruwanidealwis/Downloads/GitHub/musicThroughDecades/test/app.test.js",
          "file": "/test/app.test.js",
          "beforeHooks": [],
          "afterHooks": [],
          "tests": [
            {
              "title": "Tests invalid second decade",
              "fullTitle": "Second decade past vaild time range Tests invalid second decade",
              "timedOut": false,
              "duration": 6,
              "state": "passed",
              "speed": "fast",
              "pass": true,
              "fail": false,
              "pending": false,
              "context": null,
              "code": "agent.get(\"/compare/1990-1920\").end((err, res) => {\n  expect(res).to.have.status(400);\n  expect(res.body.error).to.equals(\n    \"invalid value entered for 2nd comparator\"\n  );\n  done();\n});",
              "err": {},
              "uuid": "3a3f765f-9834-4a85-9b49-c048f601f71c",
              "parentUUID": "42a29db8-cc0d-4339-b9cf-8f20f1118aeb",
              "isHook": false,
              "skipped": false
            }
          ],
          "suites": [],
          "passes": [
            "3a3f765f-9834-4a85-9b49-c048f601f71c"
          ],
          "failures": [],
          "pending": [],
          "skipped": [],
          "duration": 6,
          "root": false,
          "rootEmpty": false,
          "_timeout": 25000
        },
        {
          "uuid": "629de0bd-1e4f-482d-a487-18fc0a6bf776",
          "title": "First decade past vaild time range",
          "fullFile": "/Users/ruwanidealwis/Downloads/GitHub/musicThroughDecades/test/app.test.js",
          "file": "/test/app.test.js",
          "beforeHooks": [],
          "afterHooks": [],
          "tests": [
            {
              "title": "Tests invalid first decade",
              "fullTitle": "First decade past vaild time range Tests invalid first decade",
              "timedOut": false,
              "duration": 3,
              "state": "passed",
              "speed": "fast",
              "pass": true,
              "fail": false,
              "pending": false,
              "context": null,
              "code": "agent.get(\"/compare/1920-2000\").end((err, res) => {\n  expect(res).to.have.status(400);\n  expect(res.body.error).to.equals(\n    \"invalid value entered for 1st comparator\"\n  );\n  done();\n});",
              "err": {},
              "uuid": "bf4041be-2f67-442c-ba29-06a60ca294d7",
              "parentUUID": "629de0bd-1e4f-482d-a487-18fc0a6bf776",
              "isHook": false,
              "skipped": false
            }
          ],
          "suites": [],
          "passes": [
            "bf4041be-2f67-442c-ba29-06a60ca294d7"
          ],
          "failures": [],
          "pending": [],
          "skipped": [],
          "duration": 3,
          "root": false,
          "rootEmpty": false,
          "_timeout": 25000
        },
        {
          "uuid": "f4cdf010-a546-4f48-8b80-227e02f21e16",
          "title": "User enters invalid time range",
          "fullFile": "/Users/ruwanidealwis/Downloads/GitHub/musicThroughDecades/test/app.test.js",
          "file": "/test/app.test.js",
          "beforeHooks": [],
          "afterHooks": [],
          "tests": [
            {
              "title": "Tests invalid user time range",
              "fullTitle": "User enters invalid time range Tests invalid user time range",
              "timedOut": false,
              "duration": 2,
              "state": "passed",
              "speed": "fast",
              "pass": true,
              "fail": false,
              "pending": false,
              "context": null,
              "code": "agent.get(\"/compare/1970-lastWeek\").end((err, res) => {\n  expect(res).to.have.status(400);\n  expect(res.body.error).to.equals(\n    \"invalid value entered for 2nd comparator\"\n  );\n  done();\n});",
              "err": {},
              "uuid": "49574988-ce0f-4085-8434-b3bf18181bd3",
              "parentUUID": "f4cdf010-a546-4f48-8b80-227e02f21e16",
              "isHook": false,
              "skipped": false
            }
          ],
          "suites": [],
          "passes": [
            "49574988-ce0f-4085-8434-b3bf18181bd3"
          ],
          "failures": [],
          "pending": [],
          "skipped": [],
          "duration": 2,
          "root": false,
          "rootEmpty": false,
          "_timeout": 25000
        },
        {
          "uuid": "58f75b05-1cbc-4af2-ae35-679e0bf18876",
          "title": "User enters their time range before decade",
          "fullFile": "/Users/ruwanidealwis/Downloads/GitHub/musicThroughDecades/test/app.test.js",
          "file": "/test/app.test.js",
          "beforeHooks": [],
          "afterHooks": [],
          "tests": [
            {
              "title": "Inserts user time range as first comparator",
              "fullTitle": "User enters their time range before decade Inserts user time range as first comparator",
              "timedOut": false,
              "duration": 6,
              "state": "passed",
              "speed": "fast",
              "pass": true,
              "fail": false,
              "pending": false,
              "context": null,
              "code": "agent.get(\"/compare/allTime-1980\").end((err, res) => {\n  expect(res).to.have.status(400);\n  expect(res.body.error).to.equals(\n    \"invalid value entered for 1st comparator\"\n  );\n  done();\n});",
              "err": {},
              "uuid": "04114139-18d7-4e9b-aab2-e5d77ebbee76",
              "parentUUID": "58f75b05-1cbc-4af2-ae35-679e0bf18876",
              "isHook": false,
              "skipped": false
            }
          ],
          "suites": [],
          "passes": [
            "04114139-18d7-4e9b-aab2-e5d77ebbee76"
          ],
          "failures": [],
          "pending": [],
          "skipped": [],
          "duration": 6,
          "root": false,
          "rootEmpty": false,
          "_timeout": 25000
        }
      ],
      "passes": [],
      "failures": [],
      "pending": [],
      "skipped": [],
      "duration": 0,
      "root": true,
      "rootEmpty": true,
      "_timeout": 25000
    }
  ],
  "meta": {
    "mocha": {
      "version": "8.1.3"
    },
    "mochawesome": {
      "options": {
        "quiet": false,
        "reportFilename": "mochawesome",
        "saveHtml": true,
        "saveJson": true,
        "consoleReporter": "spec",
        "useInlineDiffs": false,
        "code": true
      },
      "version": "6.1.1"
    },
    "marge": {
      "options": null,
      "version": "5.1.0"
    }
  }
}