{
  "stats": {
    "suites": 6,
    "tests": 6,
    "passes": 6,
    "pending": 0,
    "failures": 0,
    "start": "2020-09-10T17:08:18.539Z",
    "end": "2020-09-10T17:08:38.238Z",
    "duration": 19699,
    "testsRegistered": 6,
    "passPercent": 100,
    "pendingPercent": 0,
    "other": 0,
    "hasOther": false,
    "skipped": 0,
    "hasSkipped": false
  },
  "results": [
    {
      "uuid": "8db207f4-2df5-471c-8c22-98e898446ef7",
      "title": "",
      "fullFile": "",
      "file": "",
      "beforeHooks": [],
      "afterHooks": [],
      "tests": [],
      "suites": [
        {
          "uuid": "e8332cae-60dc-4192-af19-d07416a3575f",
          "title": "Test Entry",
          "fullFile": "/Users/ruwanidealwis/Downloads/GitHub/musicThroughDecades/test/app.test.js",
          "file": "/test/app.test.js",
          "beforeHooks": [],
          "afterHooks": [],
          "tests": [
            {
              "title": "Tests Server Working",
              "fullTitle": "Test Entry Tests Server Working",
              "timedOut": false,
              "duration": 19,
              "state": "passed",
              "speed": "fast",
              "pass": true,
              "fail": false,
              "pending": false,
              "context": null,
              "code": "agent.get(\"/\").end((err, res) => {\n  expect(res).to.have.status(200);\n  done();\n});",
              "err": {},
              "uuid": "8c4cb03f-1422-4306-8565-887a5c7f2a87",
              "parentUUID": "e8332cae-60dc-4192-af19-d07416a3575f",
              "isHook": false,
              "skipped": false
            }
          ],
          "suites": [],
          "passes": [
            "8c4cb03f-1422-4306-8565-887a5c7f2a87"
          ],
          "failures": [],
          "pending": [],
          "skipped": [],
          "duration": 19,
          "root": false,
          "rootEmpty": false,
          "_timeout": 25000
        },
        {
          "uuid": "c27bee36-62ae-4fff-932d-aeadf67345ba",
          "title": "Tests two valid decades",
          "fullFile": "/Users/ruwanidealwis/Downloads/GitHub/musicThroughDecades/test/app.test.js",
          "file": "/test/app.test.js",
          "beforeHooks": [],
          "afterHooks": [],
          "tests": [
            {
              "title": "gets data for two valid decades",
              "fullTitle": "Tests two valid decades gets data for two valid decades",
              "timedOut": false,
              "duration": 19661,
              "state": "passed",
              "speed": "slow",
              "pass": true,
              "fail": false,
              "pending": false,
              "context": null,
              "code": "agent.get(\"/compare/1990-2010\").end((err, res) => {\n  expect(res).to.have.status(200);\n  //expect(res).to.have.cookie(\"type\", \"decade\");\n  //expect(res).to.redirectTo(\"/music\");\n  if (err) return done(err);\n  done();\n});",
              "err": {},
              "uuid": "682f477f-57ca-4ff4-9c21-1d65e62f7af3",
              "parentUUID": "c27bee36-62ae-4fff-932d-aeadf67345ba",
              "isHook": false,
              "skipped": false
            }
          ],
          "suites": [],
          "passes": [
            "682f477f-57ca-4ff4-9c21-1d65e62f7af3"
          ],
          "failures": [],
          "pending": [],
          "skipped": [],
          "duration": 19661,
          "root": false,
          "rootEmpty": false,
          "_timeout": 25000
        },
        {
          "uuid": "136295be-4cbb-4ab3-99ba-d9afc66f5b28",
          "title": "Second decade past vaild time range",
          "fullFile": "/Users/ruwanidealwis/Downloads/GitHub/musicThroughDecades/test/app.test.js",
          "file": "/test/app.test.js",
          "beforeHooks": [],
          "afterHooks": [],
          "tests": [
            {
              "title": "Tests invalid second decade",
              "fullTitle": "Second decade past vaild time range Tests invalid second decade",
              "timedOut": false,
              "duration": 6,
              "state": "passed",
              "speed": "fast",
              "pass": true,
              "fail": false,
              "pending": false,
              "context": null,
              "code": "agent.get(\"/compare/1990-1920\").end((err, res) => {\n  expect(res).to.have.status(400);\n  expect(res.body.error).to.equals(\n    \"invalid value entered for 2nd comparator\"\n  );\n  done();\n});",
              "err": {},
              "uuid": "2543bee1-db7f-4636-b60c-cbfa5aa9b8c2",
              "parentUUID": "136295be-4cbb-4ab3-99ba-d9afc66f5b28",
              "isHook": false,
              "skipped": false
            }
          ],
          "suites": [],
          "passes": [
            "2543bee1-db7f-4636-b60c-cbfa5aa9b8c2"
          ],
          "failures": [],
          "pending": [],
          "skipped": [],
          "duration": 6,
          "root": false,
          "rootEmpty": false,
          "_timeout": 25000
        },
        {
          "uuid": "45b7fb07-d945-4528-99f5-9faf9a04b1a3",
          "title": "First decade past vaild time range",
          "fullFile": "/Users/ruwanidealwis/Downloads/GitHub/musicThroughDecades/test/app.test.js",
          "file": "/test/app.test.js",
          "beforeHooks": [],
          "afterHooks": [],
          "tests": [
            {
              "title": "Tests invalid first decade",
              "fullTitle": "First decade past vaild time range Tests invalid first decade",
              "timedOut": false,
              "duration": 2,
              "state": "passed",
              "speed": "fast",
              "pass": true,
              "fail": false,
              "pending": false,
              "context": null,
              "code": "agent.get(\"/compare/1920-2000\").end((err, res) => {\n  expect(res).to.have.status(400);\n  expect(res.body.error).to.equals(\n    \"invalid value entered for 1st comparator\"\n  );\n  done();\n});",
              "err": {},
              "uuid": "65b35be2-280b-404a-9389-04461481c755",
              "parentUUID": "45b7fb07-d945-4528-99f5-9faf9a04b1a3",
              "isHook": false,
              "skipped": false
            }
          ],
          "suites": [],
          "passes": [
            "65b35be2-280b-404a-9389-04461481c755"
          ],
          "failures": [],
          "pending": [],
          "skipped": [],
          "duration": 2,
          "root": false,
          "rootEmpty": false,
          "_timeout": 25000
        },
        {
          "uuid": "9c7db364-e280-4078-a709-13a1be7643a7",
          "title": "User enters invalid time range",
          "fullFile": "/Users/ruwanidealwis/Downloads/GitHub/musicThroughDecades/test/app.test.js",
          "file": "/test/app.test.js",
          "beforeHooks": [],
          "afterHooks": [],
          "tests": [
            {
              "title": "Tests invalid user time range",
              "fullTitle": "User enters invalid time range Tests invalid user time range",
              "timedOut": false,
              "duration": 1,
              "state": "passed",
              "speed": "fast",
              "pass": true,
              "fail": false,
              "pending": false,
              "context": null,
              "code": "agent.get(\"/compare/1970-lastWeek\").end((err, res) => {\n  expect(res).to.have.status(400);\n  expect(res.body.error).to.equals(\n    \"invalid value entered for 2nd comparator\"\n  );\n  done();\n});",
              "err": {},
              "uuid": "3e6da789-7dc4-4f2f-8014-97b77713d89f",
              "parentUUID": "9c7db364-e280-4078-a709-13a1be7643a7",
              "isHook": false,
              "skipped": false
            }
          ],
          "suites": [],
          "passes": [
            "3e6da789-7dc4-4f2f-8014-97b77713d89f"
          ],
          "failures": [],
          "pending": [],
          "skipped": [],
          "duration": 1,
          "root": false,
          "rootEmpty": false,
          "_timeout": 25000
        },
        {
          "uuid": "908d0a37-c9a3-4782-83ce-5c730dc53aa3",
          "title": "User enters their time range before decade",
          "fullFile": "/Users/ruwanidealwis/Downloads/GitHub/musicThroughDecades/test/app.test.js",
          "file": "/test/app.test.js",
          "beforeHooks": [],
          "afterHooks": [],
          "tests": [
            {
              "title": "Inserts user time range as first comparator",
              "fullTitle": "User enters their time range before decade Inserts user time range as first comparator",
              "timedOut": false,
              "duration": 2,
              "state": "passed",
              "speed": "fast",
              "pass": true,
              "fail": false,
              "pending": false,
              "context": null,
              "code": "agent.get(\"/compare/allTime-1980\").end((err, res) => {\n  expect(res).to.have.status(400);\n  expect(res.body.error).to.equals(\n    \"invalid value entered for 1st comparator\"\n  );\n  done();\n});",
              "err": {},
              "uuid": "fffd2808-7cbc-4808-8689-7f691a3a3afa",
              "parentUUID": "908d0a37-c9a3-4782-83ce-5c730dc53aa3",
              "isHook": false,
              "skipped": false
            }
          ],
          "suites": [],
          "passes": [
            "fffd2808-7cbc-4808-8689-7f691a3a3afa"
          ],
          "failures": [],
          "pending": [],
          "skipped": [],
          "duration": 2,
          "root": false,
          "rootEmpty": false,
          "_timeout": 25000
        }
      ],
      "passes": [],
      "failures": [],
      "pending": [],
      "skipped": [],
      "duration": 0,
      "root": true,
      "rootEmpty": true,
      "_timeout": 25000
    }
  ],
  "meta": {
    "mocha": {
      "version": "8.1.3"
    },
    "mochawesome": {
      "options": {
        "quiet": false,
        "reportFilename": "mochawesome",
        "saveHtml": true,
        "saveJson": true,
        "consoleReporter": "spec",
        "useInlineDiffs": false,
        "code": true
      },
      "version": "6.1.1"
    },
    "marge": {
      "options": null,
      "version": "5.1.0"
    }
  }
}